[debug] [2023-06-02T10:49:35.731Z] ----------------------------------------------------------------------
[debug] [2023-06-02T10:49:35.734Z] Command:       C:\Program Files\nodejs\node.exe C:\Users\SHORIF BHUIYAN\AppData\Roaming\npm\node_modules\firebase-tools\lib\bin\firebase.js init
[debug] [2023-06-02T10:49:35.735Z] CLI Version:   10.6.0
[debug] [2023-06-02T10:49:35.735Z] Platform:      win32
[debug] [2023-06-02T10:49:35.735Z] Node Version:  v16.14.0
[debug] [2023-06-02T10:49:35.736Z] Time:          Fri Jun 02 2023 16:49:35 GMT+0600 (Bangladesh Standard Time)
[debug] [2023-06-02T10:49:35.737Z] ----------------------------------------------------------------------
[debug] 
[debug] [2023-06-02T10:49:35.835Z] > command requires scopes: ["email","openid","https://www.googleapis.com/auth/cloudplatformprojects.readonly","https://www.googleapis.com/auth/firebase","https://www.googleapis.com/auth/cloud-platform"]
[debug] [2023-06-02T10:49:35.835Z] > authorizing via signed-in user (amiribnjaman@gmail.com)
[info] 
     ######## #### ########  ######## ########     ###     ######  ########
     ##        ##  ##     ## ##       ##     ##  ##   ##  ##       ##
     ######    ##  ########  ######   ########  #########  ######  ######
     ##        ##  ##    ##  ##       ##     ## ##     ##       ## ##
     ##       #### ##     ## ######## ########  ##     ##  ######  ########

You're about to initialize a Firebase project in this directory:

  D:\programming-hero-project\Milestone-11 (Node)\assignment-11\electronics-project-a11

Before we get started, keep in mind:

  * You are initializing within an existing Firebase project directory

[info] 
=== Project Setup
[info] 
[info] First, let's associate this project directory with a Firebase project.
[info] You can create multiple project aliases by running firebase use --add, 
[info] but for now we'll just set up a default project.
[info] 
[debug] [2023-06-02T10:49:52.172Z] Using project from CLI flag: electronics-inventory-a11
[debug] [2023-06-02T10:49:52.175Z] >>> [apiv2][query] GET https://firebase.googleapis.com/v1beta1/projects/electronics-inventory-a11 [none]
[debug] [2023-06-02T10:49:52.837Z] <<< [apiv2][status] GET https://firebase.googleapis.com/v1beta1/projects/electronics-inventory-a11 200
[debug] [2023-06-02T10:49:52.838Z] <<< [apiv2][body] GET https://firebase.googleapis.com/v1beta1/projects/electronics-inventory-a11 {"projectId":"electronics-inventory-a11","projectNumber":"588465238901","displayName":"electronics-inventory-a11","name":"projects/electronics-inventory-a11","resources":{"hostingSite":"electronics-inventory-a11"},"state":"ACTIVE","etag":"1_e1d26115-1349-4ab0-8675-da7bb37f2f32"}
[info] i  Using project electronics-inventory-a11 (electronics-inventory-a11) 
[info] 
=== Hosting Setup
[info] 
[info] Your public directory is the folder (relative to your project directory) that
[info] will contain Hosting assets to be uploaded with firebase deploy. If you
[info] have a build process for your assets, use your build's output directory.
[info] 
[debug] [2023-06-02T10:54:35.815Z] ----------------------------------------------------------------------
[debug] [2023-06-02T10:54:35.821Z] Command:       C:\Program Files\nodejs\node.exe C:\Users\SHORIF BHUIYAN\AppData\Roaming\npm\node_modules\firebase-tools\lib\bin\firebase.js init
[debug] [2023-06-02T10:54:35.822Z] CLI Version:   10.6.0
[debug] [2023-06-02T10:54:35.822Z] Platform:      win32
[debug] [2023-06-02T10:54:35.823Z] Node Version:  v16.14.0
[debug] [2023-06-02T10:54:35.825Z] Time:          Fri Jun 02 2023 16:54:35 GMT+0600 (Bangladesh Standard Time)
[debug] [2023-06-02T10:54:35.826Z] ----------------------------------------------------------------------
[debug] 
[debug] [2023-06-02T10:54:35.958Z] > command requires scopes: ["email","openid","https://www.googleapis.com/auth/cloudplatformprojects.readonly","https://www.googleapis.com/auth/firebase","https://www.googleapis.com/auth/cloud-platform"]
[debug] [2023-06-02T10:54:35.959Z] > authorizing via signed-in user (amiribnjaman@gmail.com)
[info] 
     ######## #### ########  ######## ########     ###     ######  ########
     ##        ##  ##     ## ##       ##     ##  ##   ##  ##       ##
     ######    ##  ########  ######   ########  #########  ######  ######
     ##        ##  ##    ##  ##       ##     ## ##     ##       ## ##
     ##       #### ##     ## ######## ########  ##     ##  ######  ########

You're about to initialize a Firebase project in this directory:

  D:\programming-hero-project\Milestone-11 (Node)\assignment-11\electronics-project-a11

Before we get started, keep in mind:

  * You are initializing within an existing Firebase project directory

[info] 
=== Project Setup
[info] 
[info] First, let's associate this project directory with a Firebase project.
[info] You can create multiple project aliases by running firebase use --add, 
[info] but for now we'll just set up a default project.
[info] 
[debug] [2023-06-02T10:54:56.846Z] Using project from CLI flag: electronics-inventory-a11
[debug] [2023-06-02T10:54:56.854Z] >>> [apiv2][query] GET https://firebase.googleapis.com/v1beta1/projects/electronics-inventory-a11 [none]
[debug] [2023-06-02T10:54:57.618Z] <<< [apiv2][status] GET https://firebase.googleapis.com/v1beta1/projects/electronics-inventory-a11 200
[debug] [2023-06-02T10:54:57.618Z] <<< [apiv2][body] GET https://firebase.googleapis.com/v1beta1/projects/electronics-inventory-a11 {"projectId":"electronics-inventory-a11","projectNumber":"588465238901","displayName":"electronics-inventory-a11","name":"projects/electronics-inventory-a11","resources":{"hostingSite":"electronics-inventory-a11"},"state":"ACTIVE","etag":"1_e1d26115-1349-4ab0-8675-da7bb37f2f32"}
[info] i  Using project electronics-inventory-a11 (electronics-inventory-a11) 
[info] 
=== Hosting Setup
[info] 
[info] Your public directory is the folder (relative to your project directory) that
[info] will contain Hosting assets to be uploaded with firebase deploy. If you
[info] have a build process for your assets, use your build's output directory.
[info] 
